MPASM  5.48           LECRONO ANTIRREBOTE.ASM   6-12-2017  16:50:06         PAGE  1


LOC  OBJECT CODE     LINE SOURCE TEXT
  VALUE

                      00001 ;ESTA VERSION HACE CUENTA REGRESIVA DESDE 9,59,99 MINUTOS.
                      00002 ;INCLUYE UN BOTON DE START/STOP.
                      00003 ;INCLUYE UN BOTON DE RESET (PUESTA A 24).
                      00004 ;INCLUYE UN SEGUNDO BOTON DE RESET (PUESTA A 14).
                      00005 ;ADMITE LA CARGA DEL REGISTRO DIG2 Y DIG3 (EQU 21H Y 22H) POR PUERTO SERIE.
                      00006 
                      00007 
                      00008 
Warning[205]: Found directive in column 1. (LIST)
                      00009 LIST P= 16F887
Warning[205]: Found directive in column 1. (INCLUDE)
                      00010 INCLUDE P16F887.INC
                      00001         LIST
                      00002 
                      00003 ;==========================================================================
                      00004 ;  MPASM PIC16F887 processor include
                      00005 ; 
                      00006 ;  (c) Copyright 1999-2012 Microchip Technology, All rights reserved
                      00007 ;==========================================================================
                      00008 
                      00809         LIST
                      00011 
                      00012 ; CONFIG1
                      00013 ; __config 0xFFE1
2007   27D1           00014  __CONFIG _CONFIG1, _FOSC_XT & _WDTE_OFF & _PWRTE_OFF & _MCLRE_OFF & _CP_OFF & _CPD_OFF & _BOREN_ON & _I
                            ESO_ON & _FCMEN_OFF & _LVP_OFF
                      00015 ; CONFIG2
                      00016 ; __config 0xFFFF
2008   3FFF           00017  __CONFIG _CONFIG2, _BOR4V_BOR40V & _WRT_OFF
                      00018 
                      00019 
  00000020            00020 DIG1    EQU     20h
  00000021            00021 DIG2    EQU     21h
  00000022            00022 DIG3    EQU     22h
  00000023            00023 DIG4    EQU     23h
  00000024            00024 DIG5    EQU     24H
  00000025            00025 CIEN    EQU     25H
  00000026            00026 DIEZ    EQU     26H
  00000027            00027 ROTA    EQU     27H
  00000028            00028 RECIB   EQU     28H
  00000029            00029 TRANS   EQU     29H
  00000030            00030 W_TEMP  EQU     30H
  00000031            00031 S_TEMP  EQU 31h
  00000032            00032 AUX             EQU 32h
  00000033            00033 UNO             EQU     33H
  00000034            00034 CONT    EQU     34H
  00000035            00035 EAUX    EQU 35H
                      00036 
Warning[205]: Found directive in column 1. (ORG)
0000                  00037 ORG             0X00
Warning[203]: Found opcode in column 1. (GOTO)
0000   2805           00038 GOTO    START
                      00039 
MPASM  5.48           LECRONO ANTIRREBOTE.ASM   6-12-2017  16:50:06         PAGE  2


LOC  OBJECT CODE     LINE SOURCE TEXT
  VALUE

Warning[205]: Found directive in column 1. (ORG)
0004                  00040 ORG             0X04
Warning[203]: Found opcode in column 1. (GOTO)
0004   286A           00041 GOTO    RSI
                      00042 
Warning[205]: Found directive in column 1. (ORG)
0005                  00043 ORG             0X05
                      00044 
                      00045 
0005   01A0           00046 START   CLRF    DIG1
0006   01A1           00047                 CLRF    DIG2
0007   01A2           00048                 CLRF    DIG3
0008   01A3           00049                 CLRF    DIG4
0009   01A4           00050                 CLRF    DIG5
000A   01A5           00051                 CLRF    CIEN
000B   01A6           00052                 CLRF    DIEZ
000C   01A7           00053                 CLRF    ROTA
000D   01A8           00054                 CLRF    RECIB
000E   01A9           00055                 CLRF    TRANS
000F   01B0           00056                 CLRF    W_TEMP
0010   01B1           00057                 CLRF    S_TEMP
0011   0181           00058                 CLRF    TMR0
0012   0189           00059                 CLRF    PORTE
0013   1489           00060                 BSF             PORTE,RE1
                      00061 
0014   0183           00062                 CLRF    STATUS                  ; RESET DE STATUS
0015   1103           00063                 BCF             STATUS,Z                ; 
0016   1683           00064                 BSF             STATUS,RP0
0017   3000           00065                 MOVLW   B'00000000'
Message[302]: Register in operand not in bank 0.  Ensure that bank bits are correct.
0018   0088           00066                 MOVWF   TRISD
0019   3000           00067                 MOVLW   00H
Message[302]: Register in operand not in bank 0.  Ensure that bank bits are correct.
001A   0089           00068                 MOVWF   TRISE
001B   3000           00069                 MOVLW   B'00000000'
Message[302]: Register in operand not in bank 0.  Ensure that bank bits are correct.
001C   0085           00070                 MOVWF   TRISA
001D   3007           00071                 MOVLW   B'00000111'             ; PRESCALER 256
Message[302]: Register in operand not in bank 0.  Ensure that bank bits are correct.
001E   0081           00072                 MOVWF   OPTION_REG
Message[302]: Register in operand not in bank 0.  Ensure that bank bits are correct.
001F   140C           00073                 BSF             PIE1,TMR1IE             ; HABILITADAS INT POR TMR1
0020   30D8           00074                 MOVLW   B'11011000'             ; GIE=1 PEIE=1 T0IE=0 INTE=1 RBIE=1
0021   008B           00075                 MOVWF   INTCON                  ; 
Message[302]: Register in operand not in bank 0.  Ensure that bank bits are correct.
0022   168C           00076                 BSF             PIE1,RCIE               ; INTERRUPCIONES POR RECEPCION (PEIE DEBE SER =1
                            )
                      00077 
0023   1683           00078                 BSF             STATUS,RP0              ;
0024   1703           00079                 BSF             STATUS,RP1              ; SELECCION DEL BANCO 3
0025   3000           00080                 MOVLW   B'00000000'             ;
Message[302]: Register in operand not in bank 0.  Ensure that bank bits are correct.
0026   0089           00081                 MOVWF   ANSELH                  ; PUERTO B COMO ENTRADAS DIGITALES      
MPASM  5.48           LECRONO ANTIRREBOTE.ASM   6-12-2017  16:50:06         PAGE  3


LOC  OBJECT CODE     LINE SOURCE TEXT
  VALUE

0027   1303           00082                 BCF             STATUS,RP1      ; SELECCION DEL BANCO 1
                      00083 
0028   30FF           00084                 MOVLW   B'11111111'             ; PUERTO B COMO ENTRADA
Message[302]: Register in operand not in bank 0.  Ensure that bank bits are correct.
0029   0086           00085                 MOVWF   TRISB                   ;
                      00086                 
002A   30FF           00087                 MOVLW   B'11111111'             ; RESISTENCIAS DE PULL-UP HABILITADAS
Message[302]: Register in operand not in bank 0.  Ensure that bank bits are correct.
002B   0095           00088                 MOVWF   WPUB                    ;
                      00089                 
002C   1683 1303      00090                 BANKSEL IOCB                    ; INTERRUPCION POR CAMBIOS EN PORTB ( ADEMAS RBIE DEBE S
                            ER =1)
002E   3030           00091                 MOVLW   30h                             ;
Message[302]: Register in operand not in bank 0.  Ensure that bank bits are correct.
002F   0096           00092                 MOVWF   IOCB                    ;
                      00093                 
                      00094                 ;CONFIGURACION UART
                      00095                 ;-------------------------------------------------------
                      00096                 ;REGISTRO TXSTA
0030   1683           00097                 BSF             STATUS,RP0
0031   1303           00098                 BCF             STATUS,RP1
0032   3024           00099                 MOVLW   B'00100100'
Message[302]: Register in operand not in bank 0.  Ensure that bank bits are correct.
0033   0098           00100                 MOVWF   TXSTA           ;BRGH=1 PARA CRISTAL DE 4 MHZ
                      00101                 ;CONFIG DE BAUDRATE A 9600
0034   3019           00102                 MOVLW   D'25'
Message[302]: Register in operand not in bank 0.  Ensure that bank bits are correct.
0035   0099           00103                 MOVWF   SPBRG
                      00104                 ;CONFIG DEL REGISTRO RCSTA      (RECEIVE STATUS & CONTROL REG)
0036   1283           00105                 BCF             STATUS,RP0  
0037   3090           00106                 MOVLW   B'10010000'
0038   0098           00107                 MOVWF   RCSTA
                      00108                 
                      00109                 ;CONFIGURACION PARA EL REGISTRO BAUDCTL 
0039   1683           00110                 BSF     STATUS,RP0
003A   1703           00111                 BSF             STATUS,RP1
003B   3040           00112                 MOVLW   B'01000000'
Message[302]: Register in operand not in bank 0.  Ensure that bank bits are correct.
003C   0087           00113                 MOVWF   BAUDCTL
                      00114                 ;-----------------------------------------------------------
003D   1303           00115                 BCF             STATUS,RP1
003E   1283           00116                 BCF             STATUS,RP0              ;SELECCION DEL BANCO 0
003F   0190           00117                 CLRF    T1CON
0040   1690           00118                 BSF             T1CON,T1CKPS1
0041   1610           00119                 BSF             T1CON,T1CKPS0   ;PRESCALER DE TMR1 EN 8
                      00120                 ;BSF            T1CON,TMR1ON
                      00121         
                      00122                 ;NUMEROS FICTICIOS
0042   3000           00123                 MOVLW   D'0'
0043   00A0           00124                 MOVWF   DIG1
0044   3000           00125                 MOVLW   D'0'
0045   00A1           00126                 MOVWF   DIG2
0046   3000           00127                 MOVLW   D'0'
MPASM  5.48           LECRONO ANTIRREBOTE.ASM   6-12-2017  16:50:06         PAGE  4


LOC  OBJECT CODE     LINE SOURCE TEXT
  VALUE

0047   00A2           00128                 MOVWF   DIG3
0048   3000           00129                 MOVLW   D'0'
0049   00A3           00130                 MOVWF   DIG4
004A   30D8           00131                 MOVLW   D'216'
004B   0081           00132                 MOVWF   TMR0
                      00133 
004C   3010           00134 EMPE    MOVLW   B'00010000'
004D   00A7           00135                 MOVWF   ROTA
004E   0185           00136                 CLRF    PORTA
004F   3020           00137                 MOVLW   DIG1
0050   0084           00138                 MOVWF   FSR
0051   0188           00139 DISP    CLRF    PORTD
0052   0827           00140                 MOVF    ROTA,W
0053   0085           00141                 MOVWF   PORTA
                      00142 
0054   0800           00143                 MOVF    INDF,0
0055   205F           00144                 CALL    TABLA
0056   0088           00145                 MOVWF   PORTD
0057   20E6           00146                 CALL    RETARDO
0058   0188           00147                 CLRF    PORTD
0059   1827           00148                 BTFSC   ROTA,0
005A   284C           00149                 GOTO    EMPE
005B   1003           00150                 BCF             STATUS,C
005C   0CA7           00151                 RRF             ROTA,1
005D   0A84           00152                 INCF    FSR,1
005E   2851           00153                 GOTO    DISP
                      00154 
                      00155 
005F   0782           00156 TABLA   ADDWF   PCL,1
                      00157 ;               ORDEN DE LOS SEGMENTOS .GFEDCBA
0060   343F           00158                 RETLW   B'00111111' ;0
0061   3406           00159                 RETLW   B'00000110'     ;1
0062   345B           00160                 RETLW   B'01011011'     ;2
0063   344F           00161                 RETLW   B'01001111'     ;3
0064   3466           00162                 RETLW   B'01100110'     ;4
0065   346D           00163                 RETLW   B'01101101'     ;5
0066   347D           00164                 RETLW   B'01111101'     ;6
0067   3407           00165                 RETLW   B'00000111'     ;7
0068   347F           00166                 RETLW   B'01111111'     ;8
0069   346F           00167                 RETLW   B'01101111'     ;9
                      00168 ;-------------------------------------------------------------------------
006A   2075           00169 RSI             CALL    SALVA_E
                      00170 
006B   180B           00171                 BTFSC   INTCON,RBIF             ; INT POR RB4?
006C   209D           00172                 CALL    RESETEA                 ; SI
                      00173                 
006D   188B           00174                 BTFSC   INTCON,INTF             ; INT POR RBO?
006E   207E           00175                 CALL    BOTONSS                 ; SI
                      00176 
006F   190B           00177                 BTFSC   INTCON,T0IF             ; INT POR TMR0?
0070   20B9           00178                 CALL    CENT                    ; SI
                      00179                 
                      00180 ;               BTFSC   PIR1,TMR1IF             ; INT POR TMR1?
MPASM  5.48           LECRONO ANTIRREBOTE.ASM   6-12-2017  16:50:06         PAGE  5


LOC  OBJECT CODE     LINE SOURCE TEXT
  VALUE

                      00181 ;               CALL    SONLED                  
                      00182 
0071   1A8C           00183                 BTFSC   PIR1,RCIF               ; INT POR RECEPCION
0072   208D           00184                 CALL    RECIBE                  ; SI
                      00185 
0073   2079           00186 SALIR   CALL    RECUP_E
0074   0009           00187                 RETFIE
                      00188 ;------------------------------------------------------------------------------
0075   00B0           00189 SALVA_E MOVWF   W_TEMP
0076   0E03           00190                 SWAPF   STATUS,W
0077   00B1           00191                 MOVWF   S_TEMP
0078   0008           00192                 RETURN
                      00193 
0079   0E31           00194 RECUP_E SWAPF   S_TEMP,W
007A   0083           00195                 MOVWF   STATUS
007B   0EB0           00196                 SWAPF   W_TEMP,F
007C   0E30           00197                 SWAPF   W_TEMP,W
007D   0008           00198                 RETURN
                      00199 
007E                  00200 BOTONSS 
007E   1806           00201                 BTFSC   PORTB,0
007F   0008           00202                 RETURN                  
0080   1E8B           00203                 BTFSS   INTCON,T0IE     ;TMR0 CORRIENDO
0081   2883           00204                 GOTO    PARADO                  ;NO
0082   2888           00205                 GOTO    PREND                   ;SI
                      00206 
0083   168B           00207 PARADO  BSF             INTCON,T0IE             ;HABILITA INTERRUP POR TMR0 (PARA EL CRONOMETRO)
0084   1009           00208                 BCF             PORTE,0
0085   1489           00209                 BSF             PORTE,1
0086   108B           00210                 BCF             INTCON,INTF
                      00211                 
0087   0008           00212                 RETURN
                      00213 
0088   128B           00214 PREND   BCF             INTCON,T0IE
0089   1009           00215                 BCF             PORTE,RE0               ;APAGA LA SEÑAL LUMINOSA DE CERO
008A   1489           00216                 BSF             PORTE,1
008B   108B           00217                 BCF             INTCON,INTF
008C   0008           00218                 RETURN
                      00219 
008D   128C           00220 RECIBE  BCF             PIR1,RCIF               ; SE BAJA EL FLAG DE INT POR RECEPCION
008E   081A           00221                 MOVF    RCREG,W 
008F   00B2           00222                 MOVWF   AUX
0090   300F           00223                 MOVLW   0Fh
0091   0532           00224                 ANDWF   AUX,W
0092   00A2           00225                 MOVWF   DIG3
0093   081A           00226                 MOVF    RCREG,W
0094   00B2           00227                 MOVWF   AUX
0095   30F0           00228                 MOVLW   B'11110000'
0096   05B2           00229                 ANDWF   AUX,F
0097   0E32           00230                 SWAPF   AUX,W
0098   00A1           00231                 MOVWF   DIG2
0099   01A4           00232                 CLRF    DIG5
009A   01A3           00233                 CLRF    DIG4
MPASM  5.48           LECRONO ANTIRREBOTE.ASM   6-12-2017  16:50:06         PAGE  6


LOC  OBJECT CODE     LINE SOURCE TEXT
  VALUE

009B   01A0           00234                 CLRF    DIG1
009C   0008           00235                 RETURN
                      00236 
009D                  00237 RESETEA 
009D   1E86           00238                 BTFSS   PORTB,5
009E   28AF           00239                 GOTO    RESET_14
009F   1E06           00240                 BTFSS   PORTB,4
00A0   28A4           00241                 GOTO    RESET_24
00A1   0806           00242                 MOVF    PORTB, W
00A2   100B           00243                 BCF     INTCON, RBIF
00A3   2873           00244                 GOTO    SALIR
                      00245                 
00A4                  00246 RESET_24
00A4   100B           00247                 BCF     INTCON, RBIF
00A5   2083           00248                 CALL    PARADO
00A6   3002           00249                 MOVLW   D'2'
00A7   00A1           00250                 MOVWF   DIG2
00A8   3004           00251                 MOVLW   D'4'
00A9   00A2           00252                 MOVWF   DIG3
00AA   01A0           00253                 CLRF    DIG1
00AB   01A3           00254                 CLRF    DIG4
00AC   01A4           00255                 CLRF    DIG5
                      00256                 
00AD   110B           00257                 BCF             INTCON,T0IF
                      00258 
00AE   0008           00259                 RETURN
                      00260                 
00AF                  00261 RESET_14
00AF   100B           00262                 BCF     INTCON, RBIF
00B0   2083           00263                 CALL    PARADO
00B1   3001           00264                 MOVLW   D'1'
00B2   00A1           00265                 MOVWF   DIG2
00B3   3004           00266                 MOVLW   D'4'
00B4   00A2           00267                 MOVWF   DIG3
00B5   01A0           00268                 CLRF    DIG1
00B6   01A3           00269                 CLRF    DIG4
00B7   01A4           00270                 CLRF    DIG5
                      00271                         
00B8   0008           00272                 RETURN
                      00273                 
                      00274                 
00B9   30D8           00275 CENT    MOVLW   D'216'
00BA   0081           00276                 MOVWF   TMR0
00BB   110B           00277                 BCF             INTCON,T0IF
00BC   03A4           00278                 DECF    DIG5,F
00BD   30FF           00279                 MOVLW   B'11111111'
00BE   0224           00280                 SUBWF   DIG5,W
00BF   1D03           00281                 BTFSS   STATUS,Z
00C0   0008           00282                 RETURN
                      00283                 
                      00284                 
00C1   3009           00285 DECIMA  MOVLW   D'9'
00C2   00A4           00286                 MOVWF   DIG5
MPASM  5.48           LECRONO ANTIRREBOTE.ASM   6-12-2017  16:50:06         PAGE  7


LOC  OBJECT CODE     LINE SOURCE TEXT
  VALUE

Message[305]: Using default destination of 1 (file).
00C3   03A3           00287                 DECF    DIG4
00C4   30FF           00288                 MOVLW   B'11111111'
00C5   0223           00289                 SUBWF   DIG4,W
00C6   1D03           00290                 BTFSS   STATUS,Z
00C7   0008           00291                 RETURN
                      00292                 
00C8   3009           00293 SEGUNDO MOVLW   D'9'
00C9   00A3           00294                 MOVWF   DIG4
Message[305]: Using default destination of 1 (file).
00CA   03A2           00295                 DECF    DIG3
00CB   30FF           00296                 MOVLW   B'11111111'
00CC   0222           00297                 SUBWF   DIG3,W
00CD   1D03           00298                 BTFSS   STATUS,Z
00CE   0008           00299                 RETURN
                      00300 
00CF   3009           00301 DISEG   MOVLW   D'9'    
00D0   00A2           00302                 MOVWF   DIG3
Message[305]: Using default destination of 1 (file).
00D1   03A1           00303                 DECF    DIG2
00D2   30FF           00304                 MOVLW   B'11111111'
00D3   0221           00305                 SUBWF   DIG2,W
00D4   1D03           00306                 BTFSS   STATUS,Z
00D5   0008           00307                 RETURN
                      00308 
00D6   3005           00309 MIN             MOVLW   D'5'
00D7   00A1           00310                 MOVWF   DIG2
Message[305]: Using default destination of 1 (file).
00D8   03A0           00311                 DECF    DIG1
00D9   30FF           00312                 MOVLW   B'11111111'
00DA   0220           00313                 SUBWF   DIG1,W
00DB   1D03           00314                 BTFSS   STATUS,Z
00DC   0008           00315                 RETURN
00DD   01A0           00316                 CLRF    DIG1
00DE   01A1           00317                 CLRF    DIG2
00DF   01A2           00318                 CLRF    DIG3
00E0   01A3           00319                 CLRF    DIG4
00E1   01A4           00320                 CLRF    DIG5
00E2   128B           00321                 BCF             INTCON,T0IE
00E3   3001           00322                 MOVLW   B'00000001'
00E4   0089           00323                 MOVWF   PORTE
                      00324                 ;BSF            PORTE,RE0
                      00325                 ;BCF            PORTE,RE1
                      00326                 ;CALL   SONLED
00E5   0008           00327                 RETURN          
                      00328 
00E6   3008           00329 RETARDO MOVLW   D'8'
00E7   00A5           00330                 MOVWF   CIEN
00E8   3002           00331                 MOVLW   D'2'
00E9   00A6           00332                 MOVWF   DIEZ
00EA   0000           00333 L1              NOP
00EB   0000           00334                 NOP
00EC   0000           00335                 NOP
MPASM  5.48           LECRONO ANTIRREBOTE.ASM   6-12-2017  16:50:06         PAGE  8


LOC  OBJECT CODE     LINE SOURCE TEXT
  VALUE

Message[305]: Using default destination of 1 (file).
00ED   0BA5           00336                 DECFSZ  CIEN
00EE   28EA           00337                 GOTO    L1
Message[305]: Using default destination of 1 (file).
00EF   0BA6           00338                 DECFSZ  DIEZ
00F0   28EA           00339                 GOTO    L1
00F1   0008           00340                 RETURN
                      00341 
                      00342 ;RETAR2 MOVLW   D'255'
                      00343 ;               MOVWF   CIEN
                      00344 ;               MOVLW   D'255'
                      00345 ;L3             MOVWF   DIEZ
                      00346 ;               MOVLW   D'255'
                      00347 ;               MOVWF   UNO
                      00348 ;L2             NOP
                      00349 ;               NOP
                      00350 ;               NOP
                      00351 ;               DECFSZ  CIEN
                      00352 ;               GOTO    L2
                      00353 ;               DECFSZ  DIEZ
                      00354 ;               GOTO    L3
                      00355 ;               NOP
                      00356 ;               DECFSZ  UNO
                      00357 ;               GOTO    L4              
                      00358 ;               RETURN
                      00359 ;
                      00360 ;SONLED BCF             PIR1,TMR1IF
                      00361 ;               BCF             INTCON,T0IF
                      00362 ;               DECF    CONT
                      00363 ;               MOVLW   D'0'
                      00364 ;               XORWF   CONT
                      00365 ;               BTFSC   STATUS,Z
                      00366 ;               
                      00367 ;               MOVF    PORTE,W
                      00368 ;               MOVWF   EAUX
                      00369 ;               BTFSS   PORTE,RE0       ; ESTA PRENDIDO?
                      00370 ;               BSF     EAUX,RE0        ; NO, APAGA Y GUARDA EN EAUX
                      00371 ;               BTFSC   PORTE,RE0       ; ESTA APAGADO?
                      00372 ;               BCF             EAUX,RE0        ; NO, PRENDE Y GUARDA EN EAUX
                      00373 ;               MOVF    EAUX,W
                      00374 ;               MOVWF   PORTE
                      00375 ;               
                      00376 ;               RETURN
                      00377                 
                      00378 
                      00379                 END
MPASM  5.48           LECRONO ANTIRREBOTE.ASM   6-12-2017  16:50:06         PAGE  9


SYMBOL TABLE
  LABEL                             VALUE 

ABDEN                             00000000
ABDOVF                            00000007
ACKDT                             00000005
ACKEN                             00000004
ACKSTAT                           00000006
ADCON0                            0000001F
ADCON1                            0000009F
ADCS0                             00000006
ADCS1                             00000007
ADDEN                             00000003
ADFM                              00000007
ADIE                              00000006
ADIF                              00000006
ADON                              00000000
ADRESH                            0000001E
ADRESL                            0000009E
ANS0                              00000000
ANS1                              00000001
ANS10                             00000002
ANS11                             00000003
ANS12                             00000004
ANS13                             00000005
ANS2                              00000002
ANS3                              00000003
ANS4                              00000004
ANS5                              00000005
ANS6                              00000006
ANS7                              00000007
ANS8                              00000000
ANS9                              00000001
ANSEL                             00000188
ANSELH                            00000189
AUX                               00000032
BAUDCTL                           00000187
BCLIE                             00000003
BCLIF                             00000003
BF                                00000000
BOTONSS                           0000007E
BRG0                              00000000
BRG1                              00000001
BRG10                             00000002
BRG11                             00000003
BRG12                             00000004
BRG13                             00000005
BRG14                             00000006
BRG15                             00000007
BRG16                             00000003
BRG2                              00000002
BRG3                              00000003
BRG4                              00000004
BRG5                              00000005
BRG6                              00000006
BRG7                              00000007
MPASM  5.48           LECRONO ANTIRREBOTE.ASM   6-12-2017  16:50:06         PAGE 10


SYMBOL TABLE
  LABEL                             VALUE 

BRG8                              00000000
BRG9                              00000001
BRGH                              00000002
C                                 00000000
C1CH0                             00000000
C1CH1                             00000001
C1IE                              00000005
C1IF                              00000005
C1OE                              00000005
C1ON                              00000007
C1OUT                             00000006
C1POL                             00000004
C1R                               00000002
C1RSEL                            00000005
C1SEN                             00000005
C2CH0                             00000000
C2CH1                             00000001
C2IE                              00000006
C2IF                              00000006
C2OE                              00000005
C2ON                              00000007
C2OUT                             00000006
C2POL                             00000004
C2R                               00000002
C2REN                             00000004
C2RSEL                            00000004
C2SYNC                            00000000
CCP1CON                           00000017
CCP1IE                            00000002
CCP1IF                            00000002
CCP1M0                            00000000
CCP1M1                            00000001
CCP1M2                            00000002
CCP1M3                            00000003
CCP1X                             00000005
CCP1Y                             00000004
CCP2CON                           0000001D
CCP2IE                            00000000
CCP2IF                            00000000
CCP2M0                            00000000
CCP2M1                            00000001
CCP2M2                            00000002
CCP2M3                            00000003
CCP2X                             00000005
CCP2Y                             00000004
CCPR1                             00000015
CCPR1H                            00000016
CCPR1L                            00000015
CCPR2                             0000001B
CCPR2H                            0000001C
CCPR2L                            0000001B
CENT                              000000B9
CHS0                              00000002
MPASM  5.48           LECRONO ANTIRREBOTE.ASM   6-12-2017  16:50:06         PAGE 11


SYMBOL TABLE
  LABEL                             VALUE 

CHS1                              00000003
CHS2                              00000004
CHS3                              00000005
CIEN                              00000025
CKE                               00000006
CKP                               00000004
CM1CON0                           00000107
CM2CON0                           00000108
CM2CON1                           00000109
CONT                              00000034
CREN                              00000004
CSRC                              00000007
D                                 00000005
DATA_ADDRESS                      00000005
DC                                00000001
DC1B0                             00000004
DC1B1                             00000005
DC2B0                             00000004
DC2B1                             00000005
DECIMA                            000000C1
DIEZ                              00000026
DIG1                              00000020
DIG2                              00000021
DIG3                              00000022
DIG4                              00000023
DIG5                              00000024
DISEG                             000000CF
DISP                              00000051
D_A                               00000005
D_NOT_A                           00000005
EAUX                              00000035
ECCPAS                            0000009C
ECCPAS0                           00000004
ECCPAS1                           00000005
ECCPAS2                           00000006
ECCPASE                           00000007
EEADR                             0000010D
EEADRH                            0000010F
EECON1                            0000018C
EECON2                            0000018D
EEDAT                             0000010C
EEDATA                            0000010C
EEDATH                            0000010E
EEIE                              00000004
EEIF                              00000004
EEPGD                             00000007
EMPE                              0000004C
F                                 00000001
FERR                              00000002
FSR                               00000004
FVREN                             00000000
GCEN                              00000007
GIE                               00000007
MPASM  5.48           LECRONO ANTIRREBOTE.ASM   6-12-2017  16:50:06         PAGE 12


SYMBOL TABLE
  LABEL                             VALUE 

GO                                00000001
GO_DONE                           00000001
GO_NOT_DONE                       00000001
HTS                               00000002
I2C_DATA                          00000005
I2C_READ                          00000002
I2C_START                         00000003
I2C_STOP                          00000004
INDF                              00000000
INTCON                            0000000B
INTE                              00000004
INTEDG                            00000006
INTF                              00000001
IOCB                              00000096
IOCB0                             00000000
IOCB1                             00000001
IOCB2                             00000002
IOCB3                             00000003
IOCB4                             00000004
IOCB5                             00000005
IOCB6                             00000006
IOCB7                             00000007
IRCF0                             00000004
IRCF1                             00000005
IRCF2                             00000006
IRP                               00000007
L1                                000000EA
LTS                               00000001
MC1OUT                            00000007
MC2OUT                            00000006
MIN                               000000D6
MSK                               00000093
MSK0                              00000000
MSK1                              00000001
MSK2                              00000002
MSK3                              00000003
MSK4                              00000004
MSK5                              00000005
MSK6                              00000006
MSK7                              00000007
NOT_A                             00000005
NOT_ADDRESS                       00000005
NOT_BO                            00000000
NOT_BOR                           00000000
NOT_DONE                          00000001
NOT_PD                            00000003
NOT_POR                           00000001
NOT_RBPU                          00000007
NOT_RC8                           00000006
NOT_T1SYNC                        00000002
NOT_TO                            00000004
NOT_TX8                           00000006
NOT_W                             00000002
MPASM  5.48           LECRONO ANTIRREBOTE.ASM   6-12-2017  16:50:06         PAGE 13


SYMBOL TABLE
  LABEL                             VALUE 

NOT_WRITE                         00000002
OERR                              00000001
OPTION_REG                        00000081
OSCCON                            0000008F
OSCTUNE                           00000090
OSFIE                             00000007
OSFIF                             00000007
OSTS                              00000003
P                                 00000004
P1M0                              00000006
P1M1                              00000007
PARADO                            00000083
PCL                               00000002
PCLATH                            0000000A
PCON                              0000008E
PDC0                              00000000
PDC1                              00000001
PDC2                              00000002
PDC3                              00000003
PDC4                              00000004
PDC5                              00000005
PDC6                              00000006
PEIE                              00000006
PEN                               00000002
PIE1                              0000008C
PIE2                              0000008D
PIR1                              0000000C
PIR2                              0000000D
PORTA                             00000005
PORTB                             00000006
PORTC                             00000007
PORTD                             00000008
PORTE                             00000009
PR2                               00000092
PREND                             00000088
PRSEN                             00000007
PS0                               00000000
PS1                               00000001
PS2                               00000002
PSA                               00000003
PSSAC0                            00000002
PSSAC1                            00000003
PSSBD0                            00000000
PSSBD1                            00000001
PSTRCON                           0000009D
PULSR                             00000002
PULSS                             00000003
PWM1CON                           0000009B
R                                 00000002
RA0                               00000000
RA1                               00000001
RA2                               00000002
RA3                               00000003
MPASM  5.48           LECRONO ANTIRREBOTE.ASM   6-12-2017  16:50:06         PAGE 14


SYMBOL TABLE
  LABEL                             VALUE 

RA4                               00000004
RA5                               00000005
RA6                               00000006
RA7                               00000007
RB0                               00000000
RB1                               00000001
RB2                               00000002
RB3                               00000003
RB4                               00000004
RB5                               00000005
RB6                               00000006
RB7                               00000007
RBIE                              00000003
RBIF                              00000000
RC0                               00000000
RC1                               00000001
RC2                               00000002
RC3                               00000003
RC4                               00000004
RC5                               00000005
RC6                               00000006
RC7                               00000007
RC8_9                             00000006
RC9                               00000006
RCD8                              00000000
RCEN                              00000003
RCIDL                             00000006
RCIE                              00000005
RCIF                              00000005
RCREG                             0000001A
RCSTA                             00000018
RD                                00000000
RD0                               00000000
RD1                               00000001
RD2                               00000002
RD3                               00000003
RD4                               00000004
RD5                               00000005
RD6                               00000006
RD7                               00000007
RE0                               00000000
RE1                               00000001
RE2                               00000002
RE3                               00000003
READ_WRITE                        00000002
RECIB                             00000028
RECIBE                            0000008D
RECUP_E                           00000079
RESETEA                           0000009D
RESET_14                          000000AF
RESET_24                          000000A4
RETARDO                           000000E6
ROTA                              00000027
MPASM  5.48           LECRONO ANTIRREBOTE.ASM   6-12-2017  16:50:06         PAGE 15


SYMBOL TABLE
  LABEL                             VALUE 

RP0                               00000005
RP1                               00000006
RSEN                              00000001
RSI                               0000006A
RX9                               00000006
RX9D                              00000000
R_NOT_W                           00000002
R_W                               00000002
S                                 00000003
SALIR                             00000073
SALVA_E                           00000075
SBOREN                            00000004
SCKP                              00000004
SCS                               00000000
SEGUNDO                           000000C8
SEN                               00000000
SENDB                             00000003
SMP                               00000007
SPBRG                             00000099
SPBRGH                            0000009A
SPEN                              00000007
SR0                               00000006
SR1                               00000007
SRCON                             00000185
SREN                              00000005
SSPADD                            00000093
SSPBUF                            00000013
SSPCON                            00000014
SSPCON2                           00000091
SSPEN                             00000005
SSPIE                             00000003
SSPIF                             00000003
SSPM0                             00000000
SSPM1                             00000001
SSPM2                             00000002
SSPM3                             00000003
SSPMSK                            00000093
SSPOV                             00000006
SSPSTAT                           00000094
START                             00000005
STATUS                            00000003
STRA                              00000000
STRB                              00000001
STRC                              00000002
STRD                              00000003
STRSYNC                           00000004
SWDTEN                            00000000
SYNC                              00000004
S_TEMP                            00000031
T0CS                              00000005
T0IE                              00000005
T0IF                              00000002
T0SE                              00000004
MPASM  5.48           LECRONO ANTIRREBOTE.ASM   6-12-2017  16:50:06         PAGE 16


SYMBOL TABLE
  LABEL                             VALUE 

T1CKPS0                           00000004
T1CKPS1                           00000005
T1CON                             00000010
T1GINV                            00000007
T1GIV                             00000007
T1GSS                             00000001
T1INSYNC                          00000002
T1OSCEN                           00000003
T1SYNC                            00000002
T2CKPS0                           00000000
T2CKPS1                           00000001
T2CON                             00000012
TABLA                             0000005F
TMR0                              00000001
TMR0IE                            00000005
TMR0IF                            00000002
TMR1                              0000000E
TMR1CS                            00000001
TMR1GE                            00000006
TMR1H                             0000000F
TMR1IE                            00000000
TMR1IF                            00000000
TMR1L                             0000000E
TMR1ON                            00000000
TMR2                              00000011
TMR2IE                            00000001
TMR2IF                            00000001
TMR2ON                            00000002
TOUTPS0                           00000003
TOUTPS1                           00000004
TOUTPS2                           00000005
TOUTPS3                           00000006
TRANS                             00000029
TRISA                             00000085
TRISA0                            00000000
TRISA1                            00000001
TRISA2                            00000002
TRISA3                            00000003
TRISA4                            00000004
TRISA5                            00000005
TRISA6                            00000006
TRISA7                            00000007
TRISB                             00000086
TRISB0                            00000000
TRISB1                            00000001
TRISB2                            00000002
TRISB3                            00000003
TRISB4                            00000004
TRISB5                            00000005
TRISB6                            00000006
TRISB7                            00000007
TRISC                             00000087
TRISC0                            00000000
MPASM  5.48           LECRONO ANTIRREBOTE.ASM   6-12-2017  16:50:06         PAGE 17


SYMBOL TABLE
  LABEL                             VALUE 

TRISC1                            00000001
TRISC2                            00000002
TRISC3                            00000003
TRISC4                            00000004
TRISC5                            00000005
TRISC6                            00000006
TRISC7                            00000007
TRISD                             00000088
TRISD0                            00000000
TRISD1                            00000001
TRISD2                            00000002
TRISD3                            00000003
TRISD4                            00000004
TRISD5                            00000005
TRISD6                            00000006
TRISD7                            00000007
TRISE                             00000089
TRISE0                            00000000
TRISE1                            00000001
TRISE2                            00000002
TRISE3                            00000003
TRMT                              00000001
TUN0                              00000000
TUN1                              00000001
TUN2                              00000002
TUN3                              00000003
TUN4                              00000004
TX8_9                             00000006
TX9                               00000006
TX9D                              00000000
TXD8                              00000000
TXEN                              00000005
TXIE                              00000004
TXIF                              00000004
TXREG                             00000019
TXSTA                             00000098
UA                                00000001
ULPWUE                            00000005
ULPWUIE                           00000002
ULPWUIF                           00000002
UNO                               00000033
VCFG0                             00000004
VCFG1                             00000005
VR0                               00000000
VR1                               00000001
VR2                               00000002
VR3                               00000003
VRCON                             00000097
VREN                              00000007
VROE                              00000006
VRR                               00000005
VRSS                              00000004
W                                 00000000
MPASM  5.48           LECRONO ANTIRREBOTE.ASM   6-12-2017  16:50:06         PAGE 18


SYMBOL TABLE
  LABEL                             VALUE 

WCOL                              00000007
WDTCON                            00000105
WDTPS0                            00000001
WDTPS1                            00000002
WDTPS2                            00000003
WDTPS3                            00000004
WPUB                              00000095
WPUB0                             00000000
WPUB1                             00000001
WPUB2                             00000002
WPUB3                             00000003
WPUB4                             00000004
WPUB5                             00000005
WPUB6                             00000006
WPUB7                             00000007
WR                                00000001
WREN                              00000002
WRERR                             00000003
WUE                               00000001
W_TEMP                            00000030
Z                                 00000002
_BOR21V                           00003EFF
_BOR40V                           00003FFF
_BOR4V_BOR21V                     00003EFF
_BOR4V_BOR40V                     00003FFF
_BOREN_NSLEEP                     00003EFF
_BOREN_OFF                        00003CFF
_BOREN_ON                         00003FFF
_BOREN_SBODEN                     00003DFF
_BOR_NSLEEP                       00003EFF
_BOR_OFF                          00003CFF
_BOR_ON                           00003FFF
_BOR_SBODEN                       00003DFF
_CONFIG1                          00002007
_CONFIG2                          00002008
_CPD_OFF                          00003FFF
_CPD_ON                           00003F7F
_CP_OFF                           00003FFF
_CP_ON                            00003FBF
_DEBUG_OFF                        00003FFF
_DEBUG_ON                         00001FFF
_DEVID1                           00002006
_EC_OSC                           00003FFB
_EXTRC                            00003FFF
_EXTRCIO                          00003FFE
_EXTRC_OSC_CLKOUT                 00003FFF
_EXTRC_OSC_NOCLKOUT               00003FFE
_FCMEN_OFF                        000037FF
_FCMEN_ON                         00003FFF
_FOSC_EC                          00003FFB
_FOSC_EXTRC_CLKOUT                00003FFF
_FOSC_EXTRC_NOCLKOUT              00003FFE
_FOSC_HS                          00003FFA
MPASM  5.48           LECRONO ANTIRREBOTE.ASM   6-12-2017  16:50:06         PAGE 19


SYMBOL TABLE
  LABEL                             VALUE 

_FOSC_INTRC_CLKOUT                00003FFD
_FOSC_INTRC_NOCLKOUT              00003FFC
_FOSC_LP                          00003FF8
_FOSC_XT                          00003FF9
_HS_OSC                           00003FFA
_IDLOC0                           00002000
_IDLOC1                           00002001
_IDLOC2                           00002002
_IDLOC3                           00002003
_IESO_OFF                         00003BFF
_IESO_ON                          00003FFF
_INTOSC                           00003FFD
_INTOSCIO                         00003FFC
_INTRC_OSC_CLKOUT                 00003FFD
_INTRC_OSC_NOCLKOUT               00003FFC
_LP_OSC                           00003FF8
_LVP_OFF                          00002FFF
_LVP_ON                           00003FFF
_MCLRE_OFF                        00003FDF
_MCLRE_ON                         00003FFF
_PWRTE_OFF                        00003FFF
_PWRTE_ON                         00003FEF
_WDTE_OFF                         00003FF7
_WDTE_ON                          00003FFF
_WDT_OFF                          00003FF7
_WDT_ON                           00003FFF
_WRT_1FOURTH                      00003BFF
_WRT_256                          00003DFF
_WRT_HALF                         000039FF
_WRT_OFF                          00003FFF
_XT_OSC                           00003FF9
__16F887                          00000001


MEMORY USAGE MAP ('X' = Used,  '-' = Unused)

0000 : X---XXXXXXXXXXXX XXXXXXXXXXXXXXXX XXXXXXXXXXXXXXXX XXXXXXXXXXXXXXXX
0040 : XXXXXXXXXXXXXXXX XXXXXXXXXXXXXXXX XXXXXXXXXXXXXXXX XXXXXXXXXXXXXXXX
0080 : XXXXXXXXXXXXXXXX XXXXXXXXXXXXXXXX XXXXXXXXXXXXXXXX XXXXXXXXXXXXXXXX
00C0 : XXXXXXXXXXXXXXXX XXXXXXXXXXXXXXXX XXXXXXXXXXXXXXXX XX--------------
2000 : -------XX------- ---------------- ---------------- ----------------

All other memory blocks unused.

Program Memory Words Used:   239
Program Memory Words Free:  7953


MPASM  5.48           LECRONO ANTIRREBOTE.ASM   6-12-2017  16:50:06         PAGE 20





Errors   :     0
Warnings :     7 reported,     0 suppressed
Messages :    19 reported,     0 suppressed

